<?xml version="1.0" encoding="UTF-8"?>
<testsuite name="pl.edu.agh.internetshop.OrderTest" tests="19" skipped="0" failures="0" errors="0" timestamp="2021-06-09T18:54:18" hostname="DESKTOP-07I2SAN" time="0.501">
  <properties/>
  <testcase name="shipmentMethodCanBeSet()" classname="pl.edu.agh.internetshop.OrderTest" time="0.381"/>
  <testcase name="manyToManyRelationWorks()" classname="pl.edu.agh.internetshop.OrderTest" time="0.007"/>
  <testcase name="priceWithTaxesIsCalculatedWithRoundUp()" classname="pl.edu.agh.internetshop.OrderTest" time="0.019"/>
  <testcase name="addsUnpresentRelatedDataToDatabase()" classname="pl.edu.agh.internetshop.OrderTest" time="0.009"/>
  <testcase name="priceWithTaxesIsCalculatedWithRoundDown()" classname="pl.edu.agh.internetshop.OrderTest" time="0.002"/>
  <testcase name="productCanBeObtainedThroughOrder()" classname="pl.edu.agh.internetshop.OrderTest" time="0.0"/>
  <testcase name="orderObjectFromDatabaseTest()" classname="pl.edu.agh.internetshop.OrderTest" time="0.007"/>
  <testcase name="shipmentIsNotSetByDefault()" classname="pl.edu.agh.internetshop.OrderTest" time="0.001"/>
  <testcase name="shipmentCanBeSet()" classname="pl.edu.agh.internetshop.OrderTest" time="0.021"/>
  <testcase name="priceWithTaxesIsCalculatedWithoutRoundUp()" classname="pl.edu.agh.internetshop.OrderTest" time="0.001"/>
  <testcase name="orderCanBePaid()" classname="pl.edu.agh.internetshop.OrderTest" time="0.032"/>
  <testcase name="orderCanBeSent()" classname="pl.edu.agh.internetshop.OrderTest" time="0.001"/>
  <testcase name="multipleProductsOrderPriceWithTaxes()" classname="pl.edu.agh.internetshop.OrderTest" time="0.001"/>
  <testcase name="orderHasGeneratedId()" classname="pl.edu.agh.internetshop.OrderTest" time="0.001"/>
  <testcase name="orderIsNotPaidByDefault()" classname="pl.edu.agh.internetshop.OrderTest" time="0.001"/>
  <testcase name="orderIsNotSentByDefault()" classname="pl.edu.agh.internetshop.OrderTest" time="0.001"/>
  <testcase name="multipleProductsOrderPrice()" classname="pl.edu.agh.internetshop.OrderTest" time="0.001"/>
  <testcase name="priceIsCalculatedForSingleProduct()" classname="pl.edu.agh.internetshop.OrderTest" time="0.001"/>
  <testcase name="paymentMethodCanBeSet()" classname="pl.edu.agh.internetshop.OrderTest" time="0.001"/>
  <system-out><![CDATA[]]></system-out>
  <system-err><![CDATA[]]></system-err>
</testsuite>
