<?xml version="1.0" encoding="UTF-8"?>
<testsuite name="pl.edu.agh.internetshop.CsvProviderTest" tests="7" skipped="0" failures="0" errors="0" timestamp="2021-06-09T18:54:17" hostname="DESKTOP-07I2SAN" time="0.017">
  <properties/>
  <testcase name="getByIdTest()" classname="pl.edu.agh.internetshop.CsvProviderTest" time="0.001"/>
  <testcase name="getNextIndexTest()" classname="pl.edu.agh.internetshop.CsvProviderTest" time="0.001"/>
  <testcase name="addCSVLineTest()" classname="pl.edu.agh.internetshop.CsvProviderTest" time="0.002"/>
  <testcase name="getAllIndexesTest()" classname="pl.edu.agh.internetshop.CsvProviderTest" time="0.002"/>
  <testcase name="deleteElementByIdTest()" classname="pl.edu.agh.internetshop.CsvProviderTest" time="0.006"/>
  <testcase name="convertToCSVTest()" classname="pl.edu.agh.internetshop.CsvProviderTest" time="0.001"/>
  <testcase name="fromCSVConvertTest()" classname="pl.edu.agh.internetshop.CsvProviderTest" time="0.001"/>
  <system-out><![CDATA[]]></system-out>
  <system-err><![CDATA[]]></system-err>
</testsuite>
