<?xml version="1.0" encoding="UTF-8"?>
<testsuite name="pl.edu.agh.internetshop.MoneyTransferTest" tests="6" skipped="0" failures="0" errors="0" timestamp="2021-06-09T18:54:18" hostname="DESKTOP-07I2SAN" time="0.009">
  <properties/>
  <testcase name="moneyTransferObjectFromDatabaseTest()" classname="pl.edu.agh.internetshop.MoneyTransferTest" time="0.002"/>
  <testcase name="toCSVTest()" classname="pl.edu.agh.internetshop.MoneyTransferTest" time="0.001"/>
  <testcase name="isInDataBaseTest()" classname="pl.edu.agh.internetshop.MoneyTransferTest" time="0.002"/>
  <testcase name="commitFlagIsNotSetByDefault()" classname="pl.edu.agh.internetshop.MoneyTransferTest" time="0.0"/>
  <testcase name="commitFlagIsSetWithCommitting()" classname="pl.edu.agh.internetshop.MoneyTransferTest" time="0.001"/>
  <testcase name="moneyTransferIsInitialized()" classname="pl.edu.agh.internetshop.MoneyTransferTest" time="0.0"/>
  <system-out><![CDATA[]]></system-out>
  <system-err><![CDATA[]]></system-err>
</testsuite>
