<?xml version="1.0" encoding="UTF-8"?>
<testsuite name="pl.edu.agh.internetshop.FindMethodsTest" tests="4" skipped="0" failures="0" errors="0" timestamp="2021-06-09T18:54:17" hostname="DESKTOP-07I2SAN" time="0.099">
  <properties/>
  <testcase name="findByNameWorks()" classname="pl.edu.agh.internetshop.FindMethodsTest" time="0.027"/>
  <testcase name="findByProductNameTest()" classname="pl.edu.agh.internetshop.FindMethodsTest" time="0.03"/>
  <testcase name="findByPriceAndPersonName()" classname="pl.edu.agh.internetshop.FindMethodsTest" time="0.022"/>
  <testcase name="findByPrice()" classname="pl.edu.agh.internetshop.FindMethodsTest" time="0.019"/>
  <system-out><![CDATA[]]></system-out>
  <system-err><![CDATA[]]></system-err>
</testsuite>
